2021/05/26 21:52:42 Logging to a file digitaller!
2021/05/26 21:52:53 image: unknown format
2021/05/26 21:56:03 Logging to a file digitaller!
2021/05/26 21:56:14 image: unknown format
2021/05/26 22:02:19 Logging to a file digitaller!
2021/05/26 22:03:28 &{IMG_20210521_144959.jpg 1860853 436 {0 63757568942 0x66f2c0} {64768 1658 1 33204 1000 1000 0 0 1860853 4096 3640 {1621975905 231258484} {1621972142 0} {1622066601 380912088} [0 0 0]}}
2021/05/26 22:03:30 &{IMG_20210521_145019.jpg 1512360 436 {0 63757568948 0x66f2c0} {64768 1663 1 33204 1000 1000 0 0 1512360 4096 2960 {1621975908 195147735} {1621972148 0} {1622066601 404912088} [0 0 0]}}
2021/05/26 22:03:33 &{IMG_20210525_154743.jpg 1472450 436 {0 63757568907 0x66f2c0} {64768 1666 1 33204 1000 1000 0 0 1472450 4096 2880 {1621975911 51041023} {1621972107 0} {1622066601 424912087} [0 0 0]}}
2021/05/26 22:03:47 &{IMG_20210521_144959.jpg 1860853 436 {0 63757568942 0x66f2c0} {64768 1658 1 33204 1000 1000 0 0 1860853 4096 3640 {1622066605 140912007} {1621972142 0} {1622066601 380912088} [0 0 0]}}
2021/05/26 22:03:50 &{IMG_20210521_145019.jpg 1512360 436 {0 63757568948 0x66f2c0} {64768 1663 1 33204 1000 1000 0 0 1512360 4096 2960 {1622066608 312911943} {1621972148 0} {1622066601 404912088} [0 0 0]}}
2021/05/26 22:03:52 &{IMG_20210525_154743.jpg 1472450 436 {0 63757568907 0x66f2c0} {64768 1666 1 33204 1000 1000 0 0 1472450 4096 2880 {1622066610 824911889} {1621972107 0} {1622066601 424912087} [0 0 0]}}
2021/05/26 22:04:06 &{IMG_20210521_144959.jpg 1860853 436 {0 63757568942 0x66f2c0} {64768 1658 1 33204 1000 1000 0 0 1860853 4096 3640 {1622066605 140912007} {1621972142 0} {1622066601 380912088} [0 0 0]}}
2021/05/26 22:04:09 &{IMG_20210521_145019.jpg 1512360 436 {0 63757568948 0x66f2c0} {64768 1663 1 33204 1000 1000 0 0 1512360 4096 2960 {1622066608 312911943} {1621972148 0} {1622066601 404912088} [0 0 0]}}
2021/05/26 22:04:11 &{IMG_20210525_154743.jpg 1472450 436 {0 63757568907 0x66f2c0} {64768 1666 1 33204 1000 1000 0 0 1472450 4096 2880 {1622066610 824911889} {1621972107 0} {1622066601 424912087} [0 0 0]}}
2021/05/26 22:08:06 Logging to a file digitaller!
2021/05/26 22:08:24 &{IMG_20210521_144959.jpg 1860853 436 {0 63757568942 0x66f2c0} {64768 1658 1 33204 1000 1000 0 0 1860853 4096 3640 {1622066605 140912007} {1621972142 0} {1622066601 380912088} [0 0 0]}}
2021/05/26 22:08:27 &{IMG_20210521_145019.jpg 1512360 436 {0 63757568948 0x66f2c0} {64768 1663 1 33204 1000 1000 0 0 1512360 4096 2960 {1622066608 312911943} {1621972148 0} {1622066601 404912088} [0 0 0]}}
2021/05/26 22:08:29 &{IMG_20210525_154743.jpg 1472450 436 {0 63757568907 0x66f2c0} {64768 1666 1 33204 1000 1000 0 0 1472450 4096 2880 {1622066610 824911889} {1621972107 0} {1622066601 424912087} [0 0 0]}}
2021/05/26 22:08:47 &{IMG_20210521_144959.jpg 1860853 436 {0 63757568942 0x66f2c0} {64768 1658 1 33204 1000 1000 0 0 1860853 4096 3640 {1622066601 352912089} {1621972142 0} {1622066924 836905827} [0 0 0]}}
2021/05/26 22:08:50 &{IMG_20210521_145019.jpg 1512360 436 {0 63757568948 0x66f2c0} {64768 1663 1 33204 1000 1000 0 0 1512360 4096 2960 {1622066601 384912088} {1621972148 0} {1622066924 860905827} [0 0 0]}}
2021/05/26 22:08:52 &{IMG_20210525_154743.jpg 1472450 436 {0 63757568907 0x66f2c0} {64768 1666 1 33204 1000 1000 0 0 1472450 4096 2880 {1622066601 408912088} {1621972107 0} {1622066924 876905826} [0 0 0]}}
2021/05/26 22:09:07 <nil>
